<?xml version="1.0" encoding="UTF-8"?>
<testsuite xmlns:xsi="http://www.w3.org/2001/XMLSchema-instance" xsi:noNamespaceSchemaLocation="https://maven.apache.org/surefire/maven-surefire-plugin/xsd/surefire-test-report.xsd" name="com.linearsearch.TestLinearSearch" time="0.081" tests="4" errors="0" skipped="0" failures="0">
  <properties>
[...]
</properties>
  <testcase name="positiveSearch" classname="com.linearsearch.TestLinearSearch" time="0.04"/>
  <testcase name="positiveBsearch" classname="com.linearsearch.TestLinearSearch" time="0"/>
  <testcase name="negativeBsearch" classname="com.linearsearch.TestLinearSearch" time="0"/>
  <testcase name="negativeSearch" classname="com.linearsearch.TestLinearSearch" time="0"/>
</testsuite>